{"C:\\Users\\myPC\\project\\react_v2\\src\\App.jsx": {"path":"C:\\Users\\myPC\\project\\react_v2\\src\\App.jsx","statementMap":{"0":{"start":{"line":7,"column":19},"end":{"line":43,"column":1}},"1":{"start":{"line":8,"column":40},"end":{"line":13,"column":4}},"2":{"start":{"line":15,"column":2},"end":{"line":25,"column":20}},"3":{"start":{"line":16,"column":23},"end":{"line":16,"column":32}},"4":{"start":{"line":17,"column":4},"end":{"line":21,"column":5}},"5":{"start":{"line":18,"column":6},"end":{"line":20,"column":15}},"6":{"start":{"line":19,"column":8},"end":{"line":19,"column":32}},"7":{"start":{"line":22,"column":4},"end":{"line":24,"column":6}},"8":{"start":{"line":23,"column":6},"end":{"line":23,"column":33}},"9":{"start":{"line":27,"column":21},"end":{"line":32,"column":3}},"10":{"start":{"line":28,"column":4},"end":{"line":31,"column":7}},"11":{"start":{"line":28,"column":40},"end":{"line":31,"column":5}},"12":{"start":{"line":34,"column":2},"end":{"line":42,"column":4}}},"fnMap":{"0":{"name":"(anonymous_0)","decl":{"start":{"line":7,"column":19},"end":{"line":7,"column":20}},"loc":{"start":{"line":7,"column":25},"end":{"line":43,"column":1}},"line":7},"1":{"name":"(anonymous_1)","decl":{"start":{"line":15,"column":12},"end":{"line":15,"column":13}},"loc":{"start":{"line":15,"column":18},"end":{"line":25,"column":3}},"line":15},"2":{"name":"(anonymous_2)","decl":{"start":{"line":18,"column":32},"end":{"line":18,"column":33}},"loc":{"start":{"line":18,"column":38},"end":{"line":20,"column":7}},"line":18},"3":{"name":"(anonymous_3)","decl":{"start":{"line":22,"column":11},"end":{"line":22,"column":12}},"loc":{"start":{"line":22,"column":17},"end":{"line":24,"column":5}},"line":22},"4":{"name":"(anonymous_4)","decl":{"start":{"line":27,"column":21},"end":{"line":27,"column":22}},"loc":{"start":{"line":27,"column":39},"end":{"line":32,"column":3}},"line":27},"5":{"name":"(anonymous_5)","decl":{"start":{"line":28,"column":19},"end":{"line":28,"column":20}},"loc":{"start":{"line":28,"column":40},"end":{"line":31,"column":5}},"line":28}},"branchMap":{"0":{"loc":{"start":{"line":17,"column":4},"end":{"line":21,"column":5}},"type":"if","locations":[{"start":{"line":17,"column":4},"end":{"line":21,"column":5}},{"start":{},"end":{}}],"line":17}},"s":{"0":1,"1":6,"2":6,"3":6,"4":6,"5":2,"6":1,"7":6,"8":6,"9":6,"10":3,"11":3,"12":6},"f":{"0":6,"1":6,"2":1,"3":6,"4":3,"5":3},"b":{"0":[2,4]},"_coverageSchema":"1a1c01bbd47fc00a2c39e90264f33305004495a9","hash":"65a95492661c8c557cfcbd3ed180064424eae3af"}
,"C:\\Users\\myPC\\project\\react_v2\\src\\components\\Button\\Button.jsx": {"path":"C:\\Users\\myPC\\project\\react_v2\\src\\components\\Button\\Button.jsx","statementMap":{"0":{"start":{"line":3,"column":22},"end":{"line":17,"column":1}},"1":{"start":{"line":4,"column":20},"end":{"line":4,"column":34}},"2":{"start":{"line":5,"column":2},"end":{"line":7,"column":3}},"3":{"start":{"line":6,"column":4},"end":{"line":6,"column":42}},"4":{"start":{"line":8,"column":2},"end":{"line":16,"column":4}}},"fnMap":{"0":{"name":"(anonymous_0)","decl":{"start":{"line":3,"column":22},"end":{"line":3,"column":23}},"loc":{"start":{"line":3,"column":68},"end":{"line":17,"column":1}},"line":3}},"branchMap":{"0":{"loc":{"start":{"line":3,"column":45},"end":{"line":3,"column":61}},"type":"default-arg","locations":[{"start":{"line":3,"column":56},"end":{"line":3,"column":61}}],"line":3},"1":{"loc":{"start":{"line":5,"column":2},"end":{"line":7,"column":3}},"type":"if","locations":[{"start":{"line":5,"column":2},"end":{"line":7,"column":3}},{"start":{},"end":{}}],"line":5}},"s":{"0":3,"1":73,"2":73,"3":63,"4":73},"f":{"0":73},"b":{"0":[2],"1":[63,10]},"_coverageSchema":"1a1c01bbd47fc00a2c39e90264f33305004495a9","hash":"fc6186138da3ca08d15c2e78b3720a35b1f312c2"}
,"C:\\Users\\myPC\\project\\react_v2\\src\\components\\Input\\Input.jsx": {"path":"C:\\Users\\myPC\\project\\react_v2\\src\\components\\Input\\Input.jsx","statementMap":{"0":{"start":{"line":4,"column":21},"end":{"line":28,"column":1}},"1":{"start":{"line":6,"column":23},"end":{"line":6,"column":27}},"2":{"start":{"line":10,"column":24},"end":{"line":10,"column":39}},"3":{"start":{"line":11,"column":22},"end":{"line":14,"column":3}},"4":{"start":{"line":12,"column":4},"end":{"line":12,"column":29}},"5":{"start":{"line":13,"column":4},"end":{"line":13,"column":35}},"6":{"start":{"line":15,"column":20},"end":{"line":15,"column":33}},"7":{"start":{"line":16,"column":2},"end":{"line":18,"column":3}},"8":{"start":{"line":17,"column":4},"end":{"line":17,"column":44}},"9":{"start":{"line":19,"column":2},"end":{"line":27,"column":4}}},"fnMap":{"0":{"name":"(anonymous_0)","decl":{"start":{"line":4,"column":21},"end":{"line":4,"column":22}},"loc":{"start":{"line":9,"column":6},"end":{"line":28,"column":1}},"line":9},"1":{"name":"(anonymous_1)","decl":{"start":{"line":6,"column":17},"end":{"line":6,"column":18}},"loc":{"start":{"line":6,"column":23},"end":{"line":6,"column":27}},"line":6},"2":{"name":"(anonymous_2)","decl":{"start":{"line":11,"column":22},"end":{"line":11,"column":23}},"loc":{"start":{"line":11,"column":31},"end":{"line":14,"column":3}},"line":11}},"branchMap":{"0":{"loc":{"start":{"line":6,"column":2},"end":{"line":6,"column":27}},"type":"default-arg","locations":[{"start":{"line":6,"column":17},"end":{"line":6,"column":27}}],"line":6},"1":{"loc":{"start":{"line":7,"column":2},"end":{"line":7,"column":16}},"type":"default-arg","locations":[{"start":{"line":7,"column":12},"end":{"line":7,"column":16}}],"line":7},"2":{"loc":{"start":{"line":8,"column":2},"end":{"line":8,"column":33}},"type":"default-arg","locations":[{"start":{"line":8,"column":16},"end":{"line":8,"column":33}}],"line":8},"3":{"loc":{"start":{"line":16,"column":2},"end":{"line":18,"column":3}},"type":"if","locations":[{"start":{"line":16,"column":2},"end":{"line":18,"column":3}},{"start":{},"end":{}}],"line":16}},"s":{"0":3,"1":4,"2":77,"3":77,"4":25,"5":25,"6":77,"7":77,"8":6,"9":77},"f":{"0":77,"1":4,"2":25},"b":{"0":[7],"1":[6],"2":[7],"3":[6,71]},"_coverageSchema":"1a1c01bbd47fc00a2c39e90264f33305004495a9","hash":"4a8e59f5f16c072b3a82a76c77b01a553cbb4a2a"}
,"C:\\Users\\myPC\\project\\react_v2\\src\\components\\Message\\Message.jsx": {"path":"C:\\Users\\myPC\\project\\react_v2\\src\\components\\Message\\Message.jsx","statementMap":{"0":{"start":{"line":3,"column":23},"end":{"line":26,"column":1}},"1":{"start":{"line":9,"column":16},"end":{"line":9,"column":32}},"2":{"start":{"line":10,"column":20},"end":{"line":10,"column":36}},"3":{"start":{"line":11,"column":2},"end":{"line":13,"column":47}},"4":{"start":{"line":14,"column":2},"end":{"line":16,"column":55}},"5":{"start":{"line":17,"column":2},"end":{"line":19,"column":3}},"6":{"start":{"line":18,"column":4},"end":{"line":18,"column":47}},"7":{"start":{"line":20,"column":2},"end":{"line":25,"column":4}}},"fnMap":{"0":{"name":"(anonymous_0)","decl":{"start":{"line":3,"column":23},"end":{"line":3,"column":24}},"loc":{"start":{"line":8,"column":6},"end":{"line":26,"column":1}},"line":8}},"branchMap":{"0":{"loc":{"start":{"line":6,"column":2},"end":{"line":6,"column":22}},"type":"default-arg","locations":[{"start":{"line":6,"column":18},"end":{"line":6,"column":22}}],"line":6},"1":{"loc":{"start":{"line":7,"column":2},"end":{"line":7,"column":24}},"type":"default-arg","locations":[{"start":{"line":7,"column":19},"end":{"line":7,"column":24}}],"line":7},"2":{"loc":{"start":{"line":11,"column":2},"end":{"line":13,"column":46}},"type":"cond-expr","locations":[{"start":{"line":12,"column":6},"end":{"line":12,"column":46}},{"start":{"line":13,"column":6},"end":{"line":13,"column":46}}],"line":11},"3":{"loc":{"start":{"line":14,"column":2},"end":{"line":16,"column":54}},"type":"cond-expr","locations":[{"start":{"line":15,"column":6},"end":{"line":15,"column":55}},{"start":{"line":16,"column":6},"end":{"line":16,"column":54}}],"line":14},"4":{"loc":{"start":{"line":17,"column":2},"end":{"line":19,"column":3}},"type":"if","locations":[{"start":{"line":17,"column":2},"end":{"line":19,"column":3}},{"start":{},"end":{}}],"line":17},"5":{"loc":{"start":{"line":22,"column":7},"end":{"line":22,"column":67}},"type":"binary-expr","locations":[{"start":{"line":22,"column":7},"end":{"line":22,"column":20}},{"start":{"line":22,"column":24},"end":{"line":22,"column":67}}],"line":22}},"s":{"0":3,"1":22,"2":22,"3":22,"4":22,"5":22,"6":9,"7":22},"f":{"0":22},"b":{"0":[5],"1":[5],"2":[10,12],"3":[19,3],"4":[9,13],"5":[22,19]},"_coverageSchema":"1a1c01bbd47fc00a2c39e90264f33305004495a9","hash":"e1ed5073e6f4a1d3b6650574546b7665f7cf2c98"}
,"C:\\Users\\myPC\\project\\react_v2\\src\\components\\MessageForm\\MessageForm.jsx": {"path":"C:\\Users\\myPC\\project\\react_v2\\src\\components\\MessageForm\\MessageForm.jsx","statementMap":{"0":{"start":{"line":7,"column":27},"end":{"line":60,"column":1}},"1":{"start":{"line":8,"column":30},"end":{"line":8,"column":42}},"2":{"start":{"line":9,"column":26},"end":{"line":9,"column":38}},"3":{"start":{"line":11,"column":42},"end":{"line":11,"column":56}},"4":{"start":{"line":12,"column":38},"end":{"line":12,"column":52}},"5":{"start":{"line":13,"column":40},"end":{"line":13,"column":54}},"6":{"start":{"line":15,"column":2},"end":{"line":17,"column":21}},"7":{"start":{"line":16,"column":4},"end":{"line":16,"column":66}},"8":{"start":{"line":19,"column":23},"end":{"line":24,"column":3}},"9":{"start":{"line":20,"column":4},"end":{"line":20,"column":25}},"10":{"start":{"line":21,"column":4},"end":{"line":21,"column":27}},"11":{"start":{"line":22,"column":4},"end":{"line":22,"column":16}},"12":{"start":{"line":23,"column":4},"end":{"line":23,"column":23}},"13":{"start":{"line":26,"column":23},"end":{"line":29,"column":3}},"14":{"start":{"line":27,"column":4},"end":{"line":27,"column":21}},"15":{"start":{"line":28,"column":4},"end":{"line":28,"column":43}},"16":{"start":{"line":31,"column":21},"end":{"line":34,"column":3}},"17":{"start":{"line":32,"column":4},"end":{"line":32,"column":30}},"18":{"start":{"line":33,"column":4},"end":{"line":33,"column":52}},"19":{"start":{"line":36,"column":26},"end":{"line":41,"column":3}},"20":{"start":{"line":37,"column":4},"end":{"line":39,"column":5}},"21":{"start":{"line":38,"column":6},"end":{"line":38,"column":18}},"22":{"start":{"line":40,"column":4},"end":{"line":40,"column":17}},"23":{"start":{"line":43,"column":2},"end":{"line":59,"column":4}}},"fnMap":{"0":{"name":"(anonymous_0)","decl":{"start":{"line":7,"column":27},"end":{"line":7,"column":28}},"loc":{"start":{"line":7,"column":45},"end":{"line":60,"column":1}},"line":7},"1":{"name":"(anonymous_1)","decl":{"start":{"line":15,"column":12},"end":{"line":15,"column":13}},"loc":{"start":{"line":15,"column":18},"end":{"line":17,"column":3}},"line":15},"2":{"name":"(anonymous_2)","decl":{"start":{"line":19,"column":23},"end":{"line":19,"column":24}},"loc":{"start":{"line":19,"column":32},"end":{"line":24,"column":3}},"line":19},"3":{"name":"(anonymous_3)","decl":{"start":{"line":26,"column":23},"end":{"line":26,"column":24}},"loc":{"start":{"line":26,"column":34},"end":{"line":29,"column":3}},"line":26},"4":{"name":"(anonymous_4)","decl":{"start":{"line":31,"column":21},"end":{"line":31,"column":22}},"loc":{"start":{"line":31,"column":30},"end":{"line":34,"column":3}},"line":31},"5":{"name":"(anonymous_5)","decl":{"start":{"line":36,"column":26},"end":{"line":36,"column":27}},"loc":{"start":{"line":36,"column":37},"end":{"line":41,"column":3}},"line":36}},"branchMap":{"0":{"loc":{"start":{"line":16,"column":4},"end":{"line":16,"column":65}},"type":"cond-expr","locations":[{"start":{"line":16,"column":21},"end":{"line":16,"column":42}},{"start":{"line":16,"column":45},"end":{"line":16,"column":65}}],"line":16},"1":{"loc":{"start":{"line":16,"column":4},"end":{"line":16,"column":18}},"type":"binary-expr","locations":[{"start":{"line":16,"column":4},"end":{"line":16,"column":10}},{"start":{"line":16,"column":14},"end":{"line":16,"column":18}}],"line":16},"2":{"loc":{"start":{"line":37,"column":4},"end":{"line":39,"column":5}},"type":"if","locations":[{"start":{"line":37,"column":4},"end":{"line":39,"column":5}},{"start":{},"end":{}}],"line":37}},"s":{"0":2,"1":72,"2":72,"3":72,"4":72,"5":72,"6":72,"7":61,"8":72,"9":4,"10":4,"11":4,"12":4,"13":72,"14":21,"15":21,"16":72,"17":26,"18":26,"19":72,"20":47,"21":45,"22":2,"23":72},"f":{"0":72,"1":61,"2":4,"3":21,"4":26,"5":47},"b":{"0":[21,40],"1":[61,46],"2":[45,2]},"_coverageSchema":"1a1c01bbd47fc00a2c39e90264f33305004495a9","hash":"a8872fa3ce2047a2454861813de4edad6cc65db1"}
,"C:\\Users\\myPC\\project\\react_v2\\src\\components\\MessageList\\MessageList.jsx": {"path":"C:\\Users\\myPC\\project\\react_v2\\src\\components\\MessageList\\MessageList.jsx","statementMap":{"0":{"start":{"line":4,"column":27},"end":{"line":23,"column":1}},"1":{"start":{"line":5,"column":19},"end":{"line":5,"column":21}},"2":{"start":{"line":6,"column":2},"end":{"line":22,"column":4}},"3":{"start":{"line":10,"column":10},"end":{"line":16,"column":12}},"4":{"start":{"line":18,"column":8},"end":{"line":18,"column":36}},"5":{"start":{"line":19,"column":8},"end":{"line":19,"column":25}}},"fnMap":{"0":{"name":"(anonymous_0)","decl":{"start":{"line":4,"column":27},"end":{"line":4,"column":28}},"loc":{"start":{"line":4,"column":48},"end":{"line":23,"column":1}},"line":4},"1":{"name":"(anonymous_1)","decl":{"start":{"line":8,"column":23},"end":{"line":8,"column":24}},"loc":{"start":{"line":8,"column":43},"end":{"line":20,"column":7}},"line":8}},"branchMap":{},"s":{"0":2,"1":8,"2":8,"3":16,"4":16,"5":16},"f":{"0":8,"1":16},"b":{},"_coverageSchema":"1a1c01bbd47fc00a2c39e90264f33305004495a9","hash":"442f233478463327f9f6bae1ae080c91736b92a3"}
,"C:\\Users\\myPC\\project\\react_v2\\src\\components\\Textarea\\Textarea.jsx": {"path":"C:\\Users\\myPC\\project\\react_v2\\src\\components\\Textarea\\Textarea.jsx","statementMap":{"0":{"start":{"line":3,"column":24},"end":{"line":16,"column":1}},"1":{"start":{"line":4,"column":20},"end":{"line":4,"column":36}},"2":{"start":{"line":5,"column":2},"end":{"line":7,"column":3}},"3":{"start":{"line":6,"column":4},"end":{"line":6,"column":47}},"4":{"start":{"line":8,"column":2},"end":{"line":15,"column":4}}},"fnMap":{"0":{"name":"(anonymous_0)","decl":{"start":{"line":3,"column":24},"end":{"line":3,"column":25}},"loc":{"start":{"line":3,"column":75},"end":{"line":16,"column":1}},"line":3}},"branchMap":{"0":{"loc":{"start":{"line":5,"column":2},"end":{"line":7,"column":3}},"type":"if","locations":[{"start":{"line":5,"column":2},"end":{"line":7,"column":3}},{"start":{},"end":{}}],"line":5}},"s":{"0":3,"1":73,"2":73,"3":4,"4":73},"f":{"0":73},"b":{"0":[4,69]},"_coverageSchema":"1a1c01bbd47fc00a2c39e90264f33305004495a9","hash":"34e7a1a4ff143e93db0d34f22c92355e5e04f4c2"}
}
