TN:
SF:src\App.jsx
FN:7,(anonymous_0)
FN:15,(anonymous_1)
FN:18,(anonymous_2)
FN:22,(anonymous_3)
FN:27,(anonymous_4)
FN:28,(anonymous_5)
FNF:6
FNH:6
FNDA:6,(anonymous_0)
FNDA:6,(anonymous_1)
FNDA:1,(anonymous_2)
FNDA:6,(anonymous_3)
FNDA:3,(anonymous_4)
FNDA:3,(anonymous_5)
DA:7,1
DA:8,6
DA:15,6
DA:16,6
DA:17,6
DA:18,2
DA:19,1
DA:22,6
DA:23,6
DA:27,6
DA:28,3
DA:34,6
LF:12
LH:12
BRDA:17,0,0,2
BRDA:17,0,1,4
BRF:2
BRH:2
end_of_record
TN:
SF:src\components\Button\Button.jsx
FN:3,(anonymous_0)
FNF:1
FNH:1
FNDA:73,(anonymous_0)
DA:3,3
DA:4,73
DA:5,73
DA:6,63
DA:8,73
LF:5
LH:5
BRDA:3,0,0,2
BRDA:5,1,0,63
BRDA:5,1,1,10
BRF:3
BRH:3
end_of_record
TN:
SF:src\components\Input\Input.jsx
FN:4,(anonymous_0)
FN:6,(anonymous_1)
FN:11,(anonymous_2)
FNF:3
FNH:3
FNDA:77,(anonymous_0)
FNDA:4,(anonymous_1)
FNDA:25,(anonymous_2)
DA:4,3
DA:6,4
DA:10,77
DA:11,77
DA:12,25
DA:13,25
DA:15,77
DA:16,77
DA:17,6
DA:19,77
LF:10
LH:10
BRDA:6,0,0,7
BRDA:7,1,0,6
BRDA:8,2,0,7
BRDA:16,3,0,6
BRDA:16,3,1,71
BRF:5
BRH:5
end_of_record
TN:
SF:src\components\Message\Message.jsx
FN:3,(anonymous_0)
FNF:1
FNH:1
FNDA:22,(anonymous_0)
DA:3,3
DA:9,22
DA:10,22
DA:11,22
DA:14,22
DA:17,22
DA:18,9
DA:20,22
LF:8
LH:8
BRDA:6,0,0,5
BRDA:7,1,0,5
BRDA:11,2,0,10
BRDA:11,2,1,12
BRDA:14,3,0,19
BRDA:14,3,1,3
BRDA:17,4,0,9
BRDA:17,4,1,13
BRDA:22,5,0,22
BRDA:22,5,1,19
BRF:10
BRH:10
end_of_record
TN:
SF:src\components\MessageForm\MessageForm.jsx
FN:7,(anonymous_0)
FN:15,(anonymous_1)
FN:19,(anonymous_2)
FN:26,(anonymous_3)
FN:31,(anonymous_4)
FN:36,(anonymous_5)
FNF:6
FNH:6
FNDA:72,(anonymous_0)
FNDA:61,(anonymous_1)
FNDA:4,(anonymous_2)
FNDA:21,(anonymous_3)
FNDA:26,(anonymous_4)
FNDA:47,(anonymous_5)
DA:7,2
DA:8,72
DA:9,72
DA:11,72
DA:12,72
DA:13,72
DA:15,72
DA:16,61
DA:19,72
DA:20,4
DA:21,4
DA:22,4
DA:23,4
DA:26,72
DA:27,21
DA:28,21
DA:31,72
DA:32,26
DA:33,26
DA:36,72
DA:37,47
DA:38,45
DA:40,2
DA:43,72
LF:24
LH:24
BRDA:16,0,0,21
BRDA:16,0,1,40
BRDA:16,1,0,61
BRDA:16,1,1,46
BRDA:37,2,0,45
BRDA:37,2,1,2
BRF:6
BRH:6
end_of_record
TN:
SF:src\components\MessageList\MessageList.jsx
FN:4,(anonymous_0)
FN:8,(anonymous_1)
FNF:2
FNH:2
FNDA:8,(anonymous_0)
FNDA:16,(anonymous_1)
DA:4,2
DA:5,8
DA:6,8
DA:10,16
DA:18,16
DA:19,16
LF:6
LH:6
BRF:0
BRH:0
end_of_record
TN:
SF:src\components\Textarea\Textarea.jsx
FN:3,(anonymous_0)
FNF:1
FNH:1
FNDA:73,(anonymous_0)
DA:3,3
DA:4,73
DA:5,73
DA:6,4
DA:8,73
LF:5
LH:5
BRDA:5,0,0,4
BRDA:5,0,1,69
BRF:2
BRH:2
end_of_record
